Logging started 2019-06-11 19:13:34
   106.83 ms : Enabling low frag heap (0.03 ms)
   106.85 ms : Launching splash screen (4.87 ms)
   111.72 ms : Waiting for splash screen (9.67 ms)
   121.39 ms : Waiting for splash screen (23.76 ms)
   145.15 ms : Waiting for splash screen (13.14 ms)
   158.29 ms : Waiting for splash screen (23.71 ms)
   182.00 ms : Waiting for splash screen (6.97 ms)
   188.97 ms : Waiting for splash screen (34.19 ms)
   223.16 ms : Waiting for splash screen (32.67 ms)
   255.83 ms : Waiting for splash screen (9.45 ms)
   265.28 ms : Waiting for splash screen (30.02 ms)
   295.30 ms : Waiting for splash screen (11.25 ms)
   306.55 ms : Alloc other stuff (24.79 ms)
   331.34 ms : Loading amisci.dll (133.70 ms)
   465.04 ms : Setting up SEH translator (27.78 ms)
   492.82 ms : Initializing OLE (0.03 ms)
   492.85 ms : Initializing RichEdit (13.16 ms)
   506.00 ms : Checking current working directory (1.55 ms)
   507.55 ms : Loading persistent variables (2.26 ms)
   509.81 ms : Loading MRU lists (35.19 ms)
   545.01 ms : Loading commisison table (0.28 ms)
   545.29 ms : Loading preferences (5.90 ms)
   551.19 ms : Initializing display settings (0.37 ms)
   551.56 ms : Loading old groups and markets (14.75 ms)
   566.31 ms : Loading GICS and ICB (18.95 ms)
   585.26 ms : Loading plugins (825.89 ms)
  1411.14 ms : Loading AT interfaces (0.18 ms)
  1411.32 ms : Loading AFL function table (2.53 ms)
  1413.85 ms : Init chart infos (1.13 ms)
  1414.98 ms : Loading parameters (13.06 ms)
  1428.04 ms : Loading chart infos (6.00 ms)
  1434.05 ms : Loading custom tools (6.87 ms)
  1440.91 ms : Allocating lists (0.17 ms)
  1441.08 ms : Loading layers and alerts (8.66 ms)
  1449.75 ms : Loading miscellaneous data (0.12 ms)
  1449.87 ms : Adding MDI templates (4.17 ms)
  1454.04 ms : Register OLE server (3.75 ms)
  1457.79 ms : Creating main frame object (31.84 ms)
  1489.64 ms : Loading main frame (302.72 ms)
  1792.35 ms : Parsing command line (0.01 ms)
  1792.37 ms : Checking Broker.Document object registration (5.30 ms)
  1797.67 ms : Dispatch commands via ProcessShellCommand (0.10 ms)
  1797.77 ms : Showing main frame window (410.07 ms)
  2207.85 ms : Setting up accelerators (0.24 ms)
  2208.08 ms : Loading database (LoadMarketData) (129.09 ms)
  2337.17 ms : Setting active symbol (17.63 ms)
  2354.80 ms : Opening default chart (94.25 ms)
  2449.06 ms : Loading default workspace/layout (334.75 ms)
  2783.80 ms : Closing startup splash screen (async in 1 second) (8.93 ms)
  2792.73 ms : Starting up schedule (9.13 ms)
  2801.86 ms : *InitInstance finished
Logging ended 2019-06-11 19:13:47

